// 同步 ID: 41153c47 @ Wed Jun 24 23:49:02 UTC 2026
// 同步 ID: a35bc9f9 @ Sat Jun 27 09:13:56 UTC 2026
// 同步 ID: 72c982de @ Sat Jun 27 12:59:26 UTC 2026
// 重构日志: f03d4a37
// 重构日志: 446c8b1d
// 重构日志: fcfce92f
// 重构日志: f525fe95
// 同步 ID: 2f6a30ce @ Sat Jul  4 14:35:26 UTC 2026
// 重构日志: 3bb41da4
// 重构日志: b0734a5f
// 重构日志: 8a593901
// 同步 ID: 08155806 @ Tue Jul  7 12:39:57 UTC 2026
// 重构日志: 6f0c9cbb
// 重构日志: c039c889
// 重构日志: 45b7b185
// 同步 ID: f86f5301 @ Fri Jul 10 15:46:26 UTC 2026
// 同步 ID: 5b65639d @ Sat Jul 11 09:32:15 UTC 2026
// 同步 ID: 8f9fef37 @ Sat Jul 11 13:09:44 UTC 2026
// 同步 ID: c290e0ae @ Sat Jul 11 17:38:10 UTC 2026
// 同步 ID: 002760ed @ Sun Jul 12 08:10:30 UTC 2026
// 重构日志: 906ffaea
// 重构日志: b04ec47f
// 重构日志: 6a674187
// 重构日志: 02170a96
// 重构日志: 0ac69662
// 同步 ID: 288b2805 @ Mon Jul 13 21:59:01 UTC 2026
// 重构日志: fbcc77a9
// 同步 ID: bb5d504c @ Tue Jul 14 11:13:00 UTC 2026
// 重构日志: f1a08085
// 同步 ID: 11455348 @ Thu Jul 16 09:57:16 UTC 2026
// 重构日志: 9d8ac0db
